<?xml version="1.0" encoding="UTF-8"?>
<testng-results skipped="0" failed="0" total="1" passed="1">
  <reporter-output>
  </reporter-output>
  <suite name="Default suite" duration-ms="5907" started-at="2016-05-20T22:59:58Z" finished-at="2016-05-20T23:00:03Z">
    <groups>
    </groups>
    <test name="Default test" duration-ms="5907" started-at="2016-05-20T22:59:58Z" finished-at="2016-05-20T23:00:03Z">
      <class name="keywords.DriverScript">
        <test-method status="PASS" signature="beforeTest()[pri:0, instance:keywords.DriverScript@175b9425]" name="beforeTest" is-config="true" duration-ms="8" started-at="2016-05-20T18:59:58Z" finished-at="2016-05-20T18:59:58Z">
          <reporter-output>
          </reporter-output>
        </test-method> <!-- beforeTest -->
        <test-method status="PASS" signature="anytest()[pri:0, instance:keywords.DriverScript@175b9425]" name="anytest" duration-ms="5884" started-at="2016-05-20T18:59:58Z" finished-at="2016-05-20T19:00:03Z">
          <reporter-output>
          </reporter-output>
        </test-method> <!-- anytest -->
        <test-method status="PASS" signature="beforeMethod()[pri:0, instance:keywords.DriverScript@175b9425]" name="beforeMethod" is-config="true" duration-ms="0" started-at="2016-05-20T18:59:58Z" finished-at="2016-05-20T18:59:58Z">
          <reporter-output>
          </reporter-output>
        </test-method> <!-- beforeMethod -->
        <test-method status="PASS" signature="afterMethod()[pri:0, instance:keywords.DriverScript@175b9425]" name="afterMethod" is-config="true" duration-ms="0" started-at="2016-05-20T19:00:03Z" finished-at="2016-05-20T19:00:03Z">
          <reporter-output>
          </reporter-output>
        </test-method> <!-- afterMethod -->
        <test-method status="PASS" signature="afterTest()[pri:0, instance:keywords.DriverScript@175b9425]" name="afterTest" is-config="true" duration-ms="1" started-at="2016-05-20T19:00:03Z" finished-at="2016-05-20T19:00:03Z">
          <reporter-output>
          </reporter-output>
        </test-method> <!-- afterTest -->
      </class> <!-- keywords.DriverScript -->
    </test> <!-- Default test -->
  </suite> <!-- Default suite -->
</testng-results>
